0 info it worked if it ends with ok
1 verbose cli [ '/usr/bin/node', '/usr/bin/npm', 'run', 'build' ]
2 info using npm@3.5.2
3 info using node@v8.10.0
4 verbose run-script [ 'prebuild', 'build', 'postbuild' ]
5 info lifecycle metal-supply-app@0.1.0~prebuild: metal-supply-app@0.1.0
6 silly lifecycle metal-supply-app@0.1.0~prebuild: no script for prebuild, continuing
7 info lifecycle metal-supply-app@0.1.0~build: metal-supply-app@0.1.0
8 verbose lifecycle metal-supply-app@0.1.0~build: unsafe-perm in lifecycle true
9 verbose lifecycle metal-supply-app@0.1.0~build: PATH: /usr/share/npm/bin/node-gyp-bin:/project/metal-supply/metal_supply_app/node_modules/.bin:/usr/local/sbin:/usr/local/bin:/usr/sbin:/usr/bin:/sbin:/bin:/project/metal-supply/bin
10 verbose lifecycle metal-supply-app@0.1.0~build: CWD: /project/metal-supply/metal_supply_app
11 silly lifecycle metal-supply-app@0.1.0~build: Args: [ '-c', 'vue-cli-service build' ]
12 info lifecycle metal-supply-app@0.1.0~build: Failed to exec build script
13 verbose stack Error: metal-supply-app@0.1.0 build: `vue-cli-service build`
13 verbose stack spawn ENOENT
13 verbose stack     at ChildProcess.<anonymous> (/usr/share/npm/lib/utils/spawn.js:17:16)
13 verbose stack     at emitTwo (events.js:126:13)
13 verbose stack     at ChildProcess.emit (events.js:214:7)
13 verbose stack     at maybeClose (internal/child_process.js:925:16)
13 verbose stack     at Process.ChildProcess._handle.onexit (internal/child_process.js:209:5)
14 verbose pkgid metal-supply-app@0.1.0
15 verbose cwd /project/metal-supply/metal_supply_app
16 error Linux 5.10.98-1-MANJARO
17 error argv "/usr/bin/node" "/usr/bin/npm" "run" "build"
18 error node v8.10.0
19 error npm  v3.5.2
20 error file sh
21 error code ELIFECYCLE
22 error errno ENOENT
23 error syscall spawn
24 error metal-supply-app@0.1.0 build: `vue-cli-service build`
24 error spawn ENOENT
25 error Failed at the metal-supply-app@0.1.0 build script 'vue-cli-service build'.
25 error Make sure you have the latest version of node.js and npm installed.
25 error If you do, this is most likely a problem with the metal-supply-app package,
25 error not with npm itself.
25 error Tell the author that this fails on your system:
25 error     vue-cli-service build
25 error You can get information on how to open an issue for this project with:
25 error     npm bugs metal-supply-app
25 error Or if that isn't available, you can get their info via:
25 error     npm owner ls metal-supply-app
25 error There is likely additional logging output above.
26 verbose exit [ 1, true ]
